<?xml version="1.0" encoding="UTF-8"?>
<!-- Generated by org.testng.reporters.JUnitXMLReporter -->
<testsuite ignored="0" hostname="DESKTOP-D6PKL8C" failures="1" tests="1" name="Test(failed)" time="13.54" errors="0" timestamp="2024-11-27T17:41:12 IST">
  <testcase classname="testCases.TC002_LoginTest" name="verify_login" time="10.354">
    <failure type="java.lang.AssertionError" message="null">
      <![CDATA[java.lang.AssertionError: null
at testCases.TC002_LoginTest.verify_login(TC002_LoginTest.java:39)
at java.base/java.util.ArrayList.forEach(ArrayList.java:1511)
... Removed 29 stack frames]]>
    </failure>
  </testcase> <!-- verify_login -->
</testsuite> <!-- Test(failed) -->
